<?xml version="1.0" encoding="UTF-8"?>
<testsuite name="PythagoreanTripletTest" tests="9" skipped="0" failures="0" errors="0" timestamp="2024-04-19T05:10:09" hostname="JAGGU985" time="15.33">
  <properties/>
  <testcase name="tripletsWhoseSumIs840WithFactorsLessThanOrEqualTo370()" classname="PythagoreanTripletTest" time="0.094"/>
  <testcase name="tripletsWhoseSumIs1000()" classname="PythagoreanTripletTest" time="0.048"/>
  <testcase name="tripletsWhoseSumIs1001()" classname="PythagoreanTripletTest" time="0.009"/>
  <testcase name="tripletsWhoseSumIs108()" classname="PythagoreanTripletTest" time="0.0"/>
  <testcase name="tripletsWhoseSumIs840()" classname="PythagoreanTripletTest" time="0.006"/>
  <testcase name="tripletsWhoseSumIs12()" classname="PythagoreanTripletTest" time="0.0"/>
  <testcase name="tripletsWhoseSumIs90()" classname="PythagoreanTripletTest" time="0.0"/>
  <testcase name="tripletsWhoseSumIs30000WithFactorsLessThanOrEqualTo12500()" classname="PythagoreanTripletTest" time="5.947"/>
  <testcase name="tripletsWhoseSumIs30000()" classname="PythagoreanTripletTest" time="9.217"/>
  <system-out><![CDATA[]]></system-out>
  <system-err><![CDATA[]]></system-err>
</testsuite>
